=== FASE 1 (MIBEL CSV) INICIADA: Mon Nov 17 10:58:56 UTC 2025 ===
✅ Bibliotecas carregadas para [Atualizador de MIBEL_ano_atual_ACUM]
🚀 A iniciar a atualização do ficheiro histórico `MIBEL_atual_ACUM.csv`...

   - 1: A ler histórico local...
     - ✅ 'data/MIBEL_ano_atual_ACUM.csv' lido com sucesso (30816 registos).

   - 2: Última data local: 2025-11-17. A preencher buracos com OMIE Diário desde 2025-11-18...
   - ℹ️ O histórico local já está atualizado. A saltar OMIE Diário.

   - 3: A obter dados da OMIE (ACUM/INDICADORES)...
   - ℹ️ [OMIE] A tentar extrair dados recentes (ACUM, INDICADORES)...
     - [OMIE] A ler dados (ACUM)...
     - [OMIE] A ler dados (INDICADORES)...
   - ✅ [OMIE] 288 registos recentes extraídos.

   - 4: A combinar e limpar dados...

✅ SUCESSO: 'data/MIBEL_ano_atual_ACUM.csv' foi atualizado com sucesso.
   - Total de registos guardados: 30816
=== FASE 1 (MIBEL CSV) TERMINADA: Mon Nov 17 10:58:58 UTC 2025 ===
=== FASE 2 (AUTOCONSUMO) IGNORADA (Sem Mudanças na Fase 1): Mon Nov 17 10:58:58 UTC 2025 ===
=== FASE 1 (MIBEL CSV) INICIADA: Mon Nov 17 12:22:34 UTC 2025 ===
✅ Bibliotecas carregadas para [Atualizador de MIBEL_ano_atual_ACUM]
🚀 A iniciar a atualização do ficheiro histórico `MIBEL_atual_ACUM.csv`...

   - 1: A ler histórico local...
     - ✅ 'data/MIBEL_ano_atual_ACUM.csv' lido com sucesso (30816 registos).

   - 2: Última data local: 2025-11-17. A preencher buracos com OMIE Diário desde 2025-11-18...
   - ℹ️ O histórico local já está atualizado. A saltar OMIE Diário.

   - 3: A obter dados da OMIE (ACUM/INDICADORES)...
   - ℹ️ [OMIE] A tentar extrair dados recentes (ACUM, INDICADORES)...
     - [OMIE] A ler dados (ACUM)...
     - [OMIE] A ler dados (INDICADORES)...
   - ✅ [OMIE] 288 registos recentes extraídos.

   - 4: A combinar e limpar dados...

✅ SUCESSO: 'data/MIBEL_ano_atual_ACUM.csv' foi atualizado com sucesso.
   - Total de registos guardados: 30912
=== FASE 1 (MIBEL CSV) TERMINADA: Mon Nov 17 12:22:36 UTC 2025 ===
=== FASE 2 (AUTOCONSUMO) INICIADA (Houve Mudanças): Mon Nov 17 12:22:37 UTC 2025 ===
✅ Bibliotecas carregadas
ℹ️ Fonte de dados: 'data/MIBEL_ano_atual_ACUM.csv'
⚠️ MODO: Apenas dados reais (sem futuros)

⏳ Passo 1: A ler dados históricos do 'data/MIBEL_ano_atual_ACUM.csv'...
✅ 30912 registos históricos (com dados) lidos.
   📅 Última data com dados: 2025-11-18

⏳ Passo 2: A criar estrutura completa até 2026...
   - Dados reais até: 2025-11-18
   - Estrutura criada até: 2025-12-31
   - Registos com dados reais: 30912
   - Registos vazios (futuros): 4128

⏳ Passo 3: A converter para hora de Portugal...
✅ 35036 registos totais preparados em hora de Portugal.
   - Com dados reais: 30908
   - Vazios (NaN): 4128
✅ Todos os dias têm número de quartos esperado (92, 96 ou 100).

⏳ Passo 4: A atualizar o ficheiro 'Simulador_☀️_Autoconsumo_Tiago_Felicia.xlsx'...
   - A ler a pauta de tempo da aba 'OMIE_CICLOS' para alinhamento...
   - A alinhar preços calculados com a pauta do Excel...
   - 35036 preços (2025/2026) alinhados e prontos a escrever.
   - A carregar 'Simulador_☀️_Autoconsumo_Tiago_Felicia.xlsx' para escrita...
   - A escrever 35036 preços na Coluna 8 (H)...
✅ O ficheiro Excel foi atualizado com sucesso!
   Data_Valores_OMIE = 2025-11-18
   ⚠️ Nota: Apenas dados reais até 2025-11-18 foram escritos.
=== FASE 2 (AUTOCONSUMO) TERMINADA: Mon Nov 17 12:23:09 UTC 2025 ===
